0 info it worked if it ends with ok
1 verbose cli [ 'C:\\Program Files (x86)\\nodejs\\node.exe',
1 verbose cli   'C:\\Program Files (x86)\\nodejs\\node_modules\\npm\\bin\\npm-cli.js',
1 verbose cli   'publish',
1 verbose cli   '--access=public' ]
2 info using npm@3.10.10
3 info using node@v6.11.2
4 verbose publish [ '.' ]
5 silly cache add args [ '.', null ]
6 verbose cache add spec .
7 silly cache add parsed spec Result {
7 silly cache add   raw: '.',
7 silly cache add   scope: null,
7 silly cache add   escapedName: null,
7 silly cache add   name: null,
7 silly cache add   rawSpec: '.',
7 silly cache add   spec: 'C:\\Users\\richa\\Desktop\\platzom',
7 silly cache add   type: 'directory' }
8 verbose addLocalDirectory C:\Users\richa\AppData\Roaming\npm-cache\@richard\platzom\0.1.0\package.tgz not in flight; packing
9 verbose correctMkdir C:\Users\richa\AppData\Roaming\npm-cache correctMkdir not in flight; initializing
10 info lifecycle @richard/platzom@0.1.0~prepublish: @richard/platzom@0.1.0
11 silly lifecycle @richard/platzom@0.1.0~prepublish: no script for prepublish, continuing
12 verbose tar pack [ 'C:\\Users\\richa\\AppData\\Roaming\\npm-cache\\@richard\\platzom\\0.1.0\\package.tgz',
12 verbose tar pack   'C:\\Users\\richa\\Desktop\\platzom' ]
13 verbose tarball C:\Users\richa\AppData\Roaming\npm-cache\@richard\platzom\0.1.0\package.tgz
14 verbose folder C:\Users\richa\Desktop\platzom
15 verbose addLocalTarball adding from inside cache C:\Users\richa\AppData\Roaming\npm-cache\@richard\platzom\0.1.0\package.tgz
16 verbose correctMkdir C:\Users\richa\AppData\Roaming\npm-cache correctMkdir not in flight; initializing
17 silly cache afterAdd @richard/platzom@0.1.0
18 verbose afterAdd C:\Users\richa\AppData\Roaming\npm-cache\@richard\platzom\0.1.0\package\package.json not in flight; writing
19 verbose correctMkdir C:\Users\richa\AppData\Roaming\npm-cache correctMkdir not in flight; initializing
20 verbose afterAdd C:\Users\richa\AppData\Roaming\npm-cache\@richard\platzom\0.1.0\package\package.json written
21 silly publish { name: '@richard/platzom',
21 silly publish   version: '0.1.0',
21 silly publish   description: 'Traductor de idioma platzom',
21 silly publish   main: 'dist/src/platzom.js',
21 silly publish   scripts: { build: 'babel src/platzom.js -d dist', test: 'mocha' },
21 silly publish   repository:
21 silly publish    { type: 'git',
21 silly publish      url: 'git+https://github.com/Richard2929/platzom.git' },
21 silly publish   keywords: [ 'platzom', 'platzi', 'fundamentos', 'javascript', 'js' ],
21 silly publish   author: { name: 'Richard', email: 'richard_2929@outlook.com' },
21 silly publish   license: 'MIT',
21 silly publish   devDependencies:
21 silly publish    { 'babel-cli': '^6.11.2',
21 silly publish      'babel-preset-env': '^1.6.1',
21 silly publish      chai: '^4.1.2',
21 silly publish      mocha: '^4.1.0' },
21 silly publish   readme: '# Platzom\r\n\r\nPlatzom es un idioma inventado para el [curso de Fundamentos de JavaScript](https://platzi.com/js) de [platzi](https://platzi.com), el mejor lugar de educación online.\r\n\r\n## Descripcion del idioma\r\n\r\n- Si las palabras termina con "ar" se le quitan esas dos letras.\r\n- Si la palabra inicia con Z, se le añade "pe" al final.\r\n- Si la palabra traducida tiene 10 o más letras, se debe partir en dos por la mitad y unir con un guión medio.\r\n- Por último, si la palabra original es un palindromo, ninguna regla anterior cuenta y se devuelve la misma palabra pero intercalando letras mayúsculas y minúsculas.\r\n\r\n## Instalación\r\n```\r\nnpm install platzom\r\n```\r\n\r\n## Uso\r\n```\r\nimport platzom from \'platzom\'\r\n\r\nplatzom("Programar") // Program\r\nPlatzom("Zorro") // Zorrope\r\nPlatzom("Zarpar") // Zarppe\r\nPlatzom("abecedario") // abece-dario\r\nplatzom("sometemos") // SoMeTeMoS\r\n```\r\n\r\n## Creditos\r\n- [Sacha Lifszyc] (httpsp:// twitter.com/@slifszyc)\r\n- [Richard] (richard_2929@outlook.com)\r\n\r\n## Licencia\r\n\r\n[MIT] (https://opensource.org/licenses/MIT)',
21 silly publish   readmeFilename: 'README.md',
21 silly publish   gitHead: 'd6477202c1f460857eb472dfc707453b3e6f9113',
21 silly publish   bugs: { url: 'https://github.com/Richard2929/platzom/issues' },
21 silly publish   homepage: 'https://github.com/Richard2929/platzom#readme',
21 silly publish   _id: '@richard/platzom@0.1.0',
21 silly publish   _shasum: '02a2ac2ce6be126e5050435dc8ccff3d8242187f',
21 silly publish   _from: '.' }
22 verbose getPublishConfig undefined
23 silly mapToRegistry name @richard/platzom
24 silly mapToRegistry scope (from package name) @richard
25 verbose mapToRegistry no registry URL found in name for scope @richard
26 silly mapToRegistry using default registry
27 silly mapToRegistry registry https://registry.npmjs.org/
28 silly mapToRegistry data Result {
28 silly mapToRegistry   raw: '@richard/platzom',
28 silly mapToRegistry   scope: '@richard',
28 silly mapToRegistry   escapedName: '@richard%2fplatzom',
28 silly mapToRegistry   name: '@richard/platzom',
28 silly mapToRegistry   rawSpec: '',
28 silly mapToRegistry   spec: 'latest',
28 silly mapToRegistry   type: 'tag' }
29 silly mapToRegistry uri https://registry.npmjs.org/@richard%2fplatzom
30 verbose publish registryBase https://registry.npmjs.org/
31 silly publish uploading C:\Users\richa\AppData\Roaming\npm-cache\@richard\platzom\0.1.0\package.tgz
32 verbose request uri https://registry.npmjs.org/@richard%2fplatzom
33 verbose request sending authorization for write operation
34 info attempt registry request try #1 at 15:29:17
35 verbose request using bearer token for auth
36 verbose request id b110b3aa34f1e194
37 http request PUT https://registry.npmjs.org/@richard%2fplatzom
38 http 403 https://registry.npmjs.org/@richard%2fplatzom
39 verbose headers { 'content-type': 'application/json',
39 verbose headers   'cache-control': 'max-age=0',
39 verbose headers   'content-length': '21',
39 verbose headers   'accept-ranges': 'bytes',
39 verbose headers   date: 'Mon, 08 Jan 2018 20:29:09 GMT',
39 verbose headers   via: '1.1 varnish',
39 verbose headers   connection: 'keep-alive',
39 verbose headers   'x-served-by': 'cache-mia17626-MIA',
39 verbose headers   'x-cache': 'MISS',
39 verbose headers   'x-cache-hits': '0',
39 verbose headers   'x-timer': 'S1515443349.852046,VS0,VE473' }
40 verbose request invalidating C:\Users\richa\AppData\Roaming\npm-cache\registry.npmjs.org\_40richard_252fplatzom on PUT
41 error publish Failed PUT 403
42 verbose stack Error: Forbidden : @richard/platzom
42 verbose stack     at makeError (C:\Program Files (x86)\nodejs\node_modules\npm\node_modules\npm-registry-client\lib\request.js:302:12)
42 verbose stack     at CachingRegistryClient.<anonymous> (C:\Program Files (x86)\nodejs\node_modules\npm\node_modules\npm-registry-client\lib\request.js:290:14)
42 verbose stack     at Request._callback (C:\Program Files (x86)\nodejs\node_modules\npm\node_modules\npm-registry-client\lib\request.js:210:14)
42 verbose stack     at Request.self.callback (C:\Program Files (x86)\nodejs\node_modules\npm\node_modules\request\request.js:187:22)
42 verbose stack     at emitTwo (events.js:106:13)
42 verbose stack     at Request.emit (events.js:191:7)
42 verbose stack     at Request.<anonymous> (C:\Program Files (x86)\nodejs\node_modules\npm\node_modules\request\request.js:1048:10)
42 verbose stack     at emitOne (events.js:96:13)
42 verbose stack     at Request.emit (events.js:188:7)
42 verbose stack     at IncomingMessage.<anonymous> (C:\Program Files (x86)\nodejs\node_modules\npm\node_modules\request\request.js:969:12)
43 verbose statusCode 403
44 verbose pkgid @richard/platzom
45 verbose cwd C:\Users\richa\Desktop\platzom
46 error Windows_NT 10.0.16299
47 error argv "C:\\Program Files (x86)\\nodejs\\node.exe" "C:\\Program Files (x86)\\nodejs\\node_modules\\npm\\bin\\npm-cli.js" "publish" "--access=public"
48 error node v6.11.2
49 error npm  v3.10.10
50 error code E403
51 error Forbidden : @richard/platzom
52 error If you need help, you may report this error at:
52 error     <https://github.com/npm/npm/issues>
53 verbose exit [ 1, true ]
